Mon Dec 23 12:56:18 IST 2024 : Apache Derby Network Server - 10.17.1.0 - (1913217) started and ready to accept connections on port 1527
----------------------------------------------------------------
Mon Dec 23 12:56:18 IST 2024:
Booting Derby version The Apache Software Foundation - Apache Derby - 10.17.1.0 - (1913217): instance a816c00e-0193-f268-d8f2-ffffdb290fbd 
on database directory C:\Users\thish\Documents\NetBeansProjects\Library-Management-System\Database\LMS with class loader jdk.internal.loader.ClassLoaders$AppClassLoader@70dea4e 
Loaded from file:/C:/Apache/Derby/lib/derby.jar
java.vendor=Oracle Corporation
java.runtime.version=23.0.1+11-39
user.dir=C:\Apache\Derby
os.name=Windows 11
os.arch=amd64
os.version=10.0
derby.system.home=C:\Users\thish\Documents\NetBeansProjects\Library-Management-System\Database
Database Class Loader started - derby.database.classpath=''
----------------------------------------------------------------
Mon Dec 23 13:05:49 IST 2024: Shutting down Derby engine
----------------------------------------------------------------
Mon Dec 23 13:05:49 IST 2024:
Shutting down instance a816c00e-0193-f268-d8f2-ffffdb290fbd on database directory C:\Users\thish\Documents\NetBeansProjects\Library-Management-System\Database\LMS with class loader jdk.internal.loader.ClassLoaders$AppClassLoader@70dea4e 
----------------------------------------------------------------
